<?xml version="1.0" encoding="utf-8"?><testsuites name="pytest tests"><testsuite name="pytest" errors="0" failures="0" skipped="0" tests="7" time="0.710" timestamp="2026-09-22T12:31:31.557761+00:00" hostname="vm"><testcase classname="tests.test_interop" name="test_cloudflare_library_signs_we_verify[/]" time="0.094" /><testcase classname="tests.test_interop" name="test_cloudflare_library_signs_we_verify[/products/42?color=red]" time="0.089" /><testcase classname="tests.test_interop" name="test_we_sign_cloudflare_library_verifies[dict-extra0]" time="0.090" /><testcase classname="tests.test_interop" name="test_we_sign_cloudflare_library_verifies[dict-extra1]" time="0.088" /><testcase classname="tests.test_interop" name="test_we_sign_cloudflare_library_verifies[legacy-extra2]" time="0.085" /><testcase classname="tests.test_interop" name="test_we_sign_cloudflare_library_verifies[none-extra3]" time="0.085" /><testcase classname="tests.test_interop" name="test_cloudflare_library_rejects_our_tampered_signature" time="0.091" /></testsuite></testsuites>