<?xml version="1.0" encoding="utf-8"?><testsuites name="pytest tests"><testsuite name="pytest" errors="0" failures="0" skipped="1" tests="5" time="1.135" timestamp="2026-09-22T12:31:33.168266+00:00" hostname="vm"><testcase classname="tests.test_interop" name="test_live_cloudflare_server_accepts_our_signatures[none]" time="0.150" /><testcase classname="tests.test_interop" name="test_live_cloudflare_server_accepts_our_signatures[legacy]" time="0.097" /><testcase classname="tests.test_interop" name="test_live_cloudflare_server_dict_form_status" time="0.128" /><testcase classname="tests.test_interop" name="test_live_directory_discovery_with_production_ssrf_rules[https://http-message-signatures-example.research.cloudflare.com]" time="0.070"><skipped type="pytest.skip" message="directory only publishes the RFC 9421 test key, which production mode rejects">/home/claude/kya-gateway/tests/test_interop.py:111: directory only publishes the RFC 9421 test key, which production mode rejects</skipped></testcase><testcase classname="tests.test_interop" name="test_live_directory_discovery_with_production_ssrf_rules[https://chatgpt.com]" time="0.601" /></testsuite></testsuites>