<?xml version="1.0" encoding="utf-8"?><testsuites name="pytest tests"><testsuite name="pytest" errors="0" failures="0" skipped="0" tests="12" time="0.111" timestamp="2026-09-22T12:31:30.855778+00:00" hostname="vm"><testcase classname="tests.test_ietf_vectors" name="test_vectors_verify[C.2.1]" time="0.001" /><testcase classname="tests.test_ietf_vectors" name="test_vectors_verify[C.2.2]" time="0.001" /><testcase classname="tests.test_ietf_vectors" name="test_vectors_verify[C.2.3-legacy]" time="0.001" /><testcase classname="tests.test_ietf_vectors" name="test_tampered_authority_is_invalid" time="0.001" /><testcase classname="tests.test_ietf_vectors" name="test_swapped_signature_agent_is_invalid" time="0.001" /><testcase classname="tests.test_ietf_vectors" name="test_test_key_rejected_outside_dev_mode" time="0.000" /><testcase classname="tests.test_ietf_vectors" name="test_replayed_nonce_is_invalid" time="0.001" /><testcase classname="tests.test_ietf_vectors" name="test_default_24h_cap_rejects_long_lived_signature" time="0.000" /><testcase classname="tests.test_ietf_vectors" name="test_unsigned_request" time="0.000" /><testcase classname="tests.test_ietf_vectors" name="test_unknown_key_without_directory_is_unverified" time="0.000" /><testcase classname="tests.test_ietf_vectors" name="test_hmac_rejected" time="0.000" /><testcase classname="tests.test_ietf_vectors" name="test_ssrf_guard_blocks_private_directory" time="0.001" /></testsuite></testsuites>