<?xml version="1.0" encoding="utf-8"?><testsuites name="pytest tests"><testsuite name="pytest" errors="0" failures="0" skipped="0" tests="51" time="4.555" timestamp="2026-09-24T18:27:24.612042+02:00" hostname="Nemanjas-MacBook-Pro.local"><testcase classname="tests.test_defects" name="test_d1_rotating_keyids_same_client_are_rate_limited" time="0.000" /><testcase classname="tests.test_defects" name="test_d1_different_clients_have_separate_buckets" time="0.000" /><testcase classname="tests.test_defects" name="test_d1_client_key_is_hashed_prefix_never_raw_ip" time="0.000" /><testcase classname="tests.test_defects" name="test_d1_middleware_limits_rotating_keyids_from_one_client" time="0.048" /><testcase classname="tests.test_defects" name="test_d2_admin_404_when_token_unset[/_kya/dashboard]" time="0.002" /><testcase classname="tests.test_defects" name="test_d2_admin_404_when_token_unset[/_kya/audit.json]" time="0.002" /><testcase classname="tests.test_defects" name="test_d2_admin_404_when_token_unset[/_kya/verify-chain]" time="0.002" /><testcase classname="tests.test_defects" name="test_d2_admin_401_on_wrong_or_missing_token[/_kya/dashboard]" time="0.002" /><testcase classname="tests.test_defects" name="test_d2_admin_401_on_wrong_or_missing_token[/_kya/audit.json]" time="0.003" /><testcase classname="tests.test_defects" name="test_d2_admin_401_on_wrong_or_missing_token[/_kya/verify-chain]" time="0.003" /><testcase classname="tests.test_defects" name="test_d2_admin_200_on_right_token[/_kya/dashboard]" time="0.001" /><testcase classname="tests.test_defects" name="test_d2_admin_200_on_right_token[/_kya/audit.json]" time="0.002" /><testcase classname="tests.test_defects" name="test_d2_admin_200_on_right_token[/_kya/verify-chain]" time="0.002" /><testcase classname="tests.test_defects" name="test_d2_token_read_from_environment" time="0.002" /><testcase classname="tests.test_defects" name="test_d5_thousand_labels_rejected_fast" time="0.000" /><testcase classname="tests.test_defects" name="test_d5_cap_is_configurable_and_defaults_to_3" time="0.000" /><testcase classname="tests.test_defects" name="test_d5_no_directory_fetch_happens_for_over_cap_requests" time="0.000" /><testcase classname="tests.test_defects" name="test_d9_no_store_and_no_cache_fetch_every_time[no-store]" time="0.515" /><testcase classname="tests.test_defects" name="test_d9_no_store_and_no_cache_fetch_every_time[no-cache]" time="0.533" /><testcase classname="tests.test_defects" name="test_d9_no_store_and_no_cache_fetch_every_time[private, no-store]" time="0.532" /><testcase classname="tests.test_defects" name="test_d9_no_store_and_no_cache_fetch_every_time[No-Cache]" time="0.531" /><testcase classname="tests.test_defects" name="test_d9_max_age_fetches_once_per_window[max-age=60]" time="0.525" /><testcase classname="tests.test_defects" name="test_d9_max_age_fetches_once_per_window[public, max-age=60]" time="0.523" /><testcase classname="tests.test_defects" name="test_d9_missing_header_uses_default_ttl[None]" time="0.525" /><testcase classname="tests.test_defects" name="test_e1_lookalike_directory_does_not_match_operator_rule[acme.com]" time="0.002" /><testcase classname="tests.test_defects" name="test_e1_lookalike_directory_does_not_match_operator_rule[https://acme.com]" time="0.001" /><testcase classname="tests.test_defects" name="test_e1_static_operator_matches_exactly" time="0.000" /><testcase classname="tests.test_defects" name="test_e2_allowlist_rejects_lookalike_host" time="0.000" /><testcase classname="tests.test_defects" name="test_e3_malformed_params_are_invalid[created=&quot;abc&quot;;expires=2;keyid=&quot;k&quot;]" time="0.001" /><testcase classname="tests.test_defects" name="test_e3_malformed_params_are_invalid[created=1;expires=&quot;x&quot;;keyid=&quot;k&quot;]" time="0.001" /><testcase classname="tests.test_defects" name="test_e3_malformed_params_are_invalid[created=1;expires=2;keyid=5]" time="0.001" /><testcase classname="tests.test_defects" name="test_e3_malformed_params_are_invalid[created=1;expires=2;keyid=&quot;k&quot;;alg=5]" time="0.001" /><testcase classname="tests.test_defects" name="test_e3_malformed_params_are_invalid[created=1;expires=2;keyid=&quot;k&quot;;nonce=7]" time="0.001" /><testcase classname="tests.test_defects" name="test_e3_malformed_params_are_invalid[created=?1;expires=2;keyid=&quot;k&quot;]" time="0.000" /><testcase classname="tests.test_defects" name="test_e3_malformed_params_are_invalid[created=1.5;expires=2;keyid=&quot;k&quot;]" time="0.000" /><testcase classname="tests.test_defects" name="test_e3_non_string_tag_is_not_a_crash" time="0.001" /><testcase classname="tests.test_defects" name="test_e4_directory_fetch_accepts_draft_media_type" time="0.514" /><testcase classname="tests.test_defects" name="test_e5_nonce_store_is_not_quadratic" time="0.038" /><testcase classname="tests.test_defects" name="test_e5_nonce_store_expires_old_entries" time="0.000" /><testcase classname="tests.test_ietf_vectors" name="test_vectors_verify[C.2.1]" time="0.001" /><testcase classname="tests.test_ietf_vectors" name="test_vectors_verify[C.2.2]" time="0.001" /><testcase classname="tests.test_ietf_vectors" name="test_vectors_verify[C.2.3-legacy]" time="0.000" /><testcase classname="tests.test_ietf_vectors" name="test_tampered_authority_is_invalid" time="0.001" /><testcase classname="tests.test_ietf_vectors" name="test_swapped_signature_agent_is_invalid" time="0.000" /><testcase classname="tests.test_ietf_vectors" name="test_test_key_rejected_outside_dev_mode" time="0.000" /><testcase classname="tests.test_ietf_vectors" name="test_replayed_nonce_is_invalid" time="0.001" /><testcase classname="tests.test_ietf_vectors" name="test_default_24h_cap_rejects_long_lived_signature" time="0.000" /><testcase classname="tests.test_ietf_vectors" name="test_unsigned_request" time="0.000" /><testcase classname="tests.test_ietf_vectors" name="test_unknown_key_without_directory_is_unverified" time="0.000" /><testcase classname="tests.test_ietf_vectors" name="test_hmac_rejected" time="0.000" /><testcase classname="tests.test_ietf_vectors" name="test_ssrf_guard_blocks_private_directory" time="0.004" /></testsuite></testsuites>