<?xml version="1.0" encoding="utf-8"?><testsuites name="pytest tests"><testsuite name="pytest" errors="0" failures="0" skipped="1" tests="5" time="2.120" timestamp="2026-09-24T18:27:39.133460+02:00" hostname="Nemanjas-MacBook-Pro.local"><testcase classname="tests.test_interop" name="test_live_cloudflare_server_accepts_our_signatures[none]" time="0.239" /><testcase classname="tests.test_interop" name="test_live_cloudflare_server_accepts_our_signatures[legacy]" time="0.068" /><testcase classname="tests.test_interop" name="test_live_cloudflare_server_dict_form_status" time="0.109" /><testcase classname="tests.test_interop" name="test_live_directory_discovery_with_production_ssrf_rules[https://http-message-signatures-example.research.cloudflare.com]" time="0.119"><skipped type="pytest.skip" message="directory only publishes the RFC 9421 test key, which production mode rejects">/Users/nemanjavujic/Desktop/KYA/kya-gateway/tests/test_interop.py:116: directory only publishes the RFC 9421 test key, which production mode rejects</skipped></testcase><testcase classname="tests.test_interop" name="test_live_directory_discovery_with_production_ssrf_rules[https://chatgpt.com]" time="1.456" /></testsuite></testsuites>