<?xml version="1.0" encoding="utf-8"?><testsuites name="pytest tests"><testsuite name="pytest" errors="0" failures="0" skipped="0" tests="15" time="0.959" timestamp="2026-09-22T15:04:30.797176+02:00" hostname="Nemanjas-MacBook-Pro.local"><testcase classname="tests.test_interop" name="test_cloudflare_library_signs_we_verify[/]" time="0.043" /><testcase classname="tests.test_interop" name="test_cloudflare_library_signs_we_verify[/products/42?color=red]" time="0.037" /><testcase classname="tests.test_interop" name="test_we_sign_cloudflare_library_verifies[dict-extra0]" time="0.040" /><testcase classname="tests.test_interop" name="test_we_sign_cloudflare_library_verifies[dict-extra1]" time="0.037" /><testcase classname="tests.test_interop" name="test_we_sign_cloudflare_library_verifies[legacy-extra2]" time="0.037" /><testcase classname="tests.test_interop" name="test_we_sign_cloudflare_library_verifies[none-extra3]" time="0.036" /><testcase classname="tests.test_interop" name="test_cloudflare_library_rejects_our_tampered_signature" time="0.037" /><testcase classname="tests.test_interop_rust" name="test_rust_crate_signs_we_verify[https://example.com/]" time="0.530" /><testcase classname="tests.test_interop_rust" name="test_rust_crate_signs_we_verify[https://shop.example/products/42?c=red]" time="0.006" /><testcase classname="tests.test_interop_rust" name="test_we_sign_rust_crate_verifies[dict-extra0]" time="0.004" /><testcase classname="tests.test_interop_rust" name="test_we_sign_rust_crate_verifies[dict-extra1]" time="0.005" /><testcase classname="tests.test_interop_rust" name="test_we_sign_rust_crate_verifies[legacy-extra2]" time="0.005" /><testcase classname="tests.test_interop_rust" name="test_we_sign_rust_crate_verifies[none-extra3]" time="0.004" /><testcase classname="tests.test_interop_rust" name="test_rust_crate_rejects_our_tampered_signature" time="0.004" /><testcase classname="tests.test_interop_rust" name="test_rust_crate_signature_with_swapped_agent_is_invalid_for_us" time="0.004" /></testsuite></testsuites>