<?xml version="1.0" encoding="utf-8"?><testsuites name="pytest tests"><testsuite name="pytest" errors="0" failures="0" skipped="0" tests="7" time="0.326" timestamp="2026-09-22T14:46:14.584434+02:00" hostname="Nemanjas-MacBook-Pro.local"><testcase classname="tests.test_interop" name="test_cloudflare_library_signs_we_verify[/]" time="0.042" /><testcase classname="tests.test_interop" name="test_cloudflare_library_signs_we_verify[/products/42?color=red]" time="0.038" /><testcase classname="tests.test_interop" name="test_we_sign_cloudflare_library_verifies[dict-extra0]" time="0.038" /><testcase classname="tests.test_interop" name="test_we_sign_cloudflare_library_verifies[dict-extra1]" time="0.039" /><testcase classname="tests.test_interop" name="test_we_sign_cloudflare_library_verifies[legacy-extra2]" time="0.040" /><testcase classname="tests.test_interop" name="test_we_sign_cloudflare_library_verifies[none-extra3]" time="0.037" /><testcase classname="tests.test_interop" name="test_cloudflare_library_rejects_our_tampered_signature" time="0.045" /></testsuite></testsuites>